<?xml version="1.0" encoding="UTF-8"?>
<testng-results ignored="0" total="1" passed="1" failed="0" skipped="0">
  <reporter-output>
  </reporter-output>
  <suite started-at="2024-11-09T20:53:43 BDT" name="Suite" finished-at="2024-11-09T20:53:55 BDT" duration-ms="12487">
    <groups>
    </groups>
    <test started-at="2024-11-09T20:53:43 BDT" name="Test2" finished-at="2024-11-09T20:53:55 BDT" duration-ms="12487">
      <class name="mavenforjenkins.UITest">
        <test-method signature="startBrowser(java.lang.String)[pri:0, instance:mavenforjenkins.UITest@31d7b7bf]" started-at="2024-11-09T20:53:43 BDT" name="startBrowser" finished-at="2024-11-09T20:53:55 BDT" duration-ms="12421" status="PASS">
          <params>
            <param index="0">
              <value>
                <![CDATA[chrome]]>
              </value>
            </param>
          </params>
          <reporter-output>
          </reporter-output>
        </test-method> <!-- startBrowser -->
      </class> <!-- mavenforjenkins.UITest -->
    </test> <!-- Test2 -->
  </suite> <!-- Suite -->
</testng-results>
